<?xml version="1.0" encoding="UTF-8" standalone="yes"?>
<!DOCTYPE report PUBLIC "-//JACOCO//DTD Report 1.1//EN" "report.dtd">
<report name="sample-project">
  <sessioninfo id="sample" start="1700000000000" dump="1700000001000"/>
  <package name="com/example/foo">
    <class name="com/example/foo/Bar" sourcefilename="Bar.java">
      <method name="&lt;init&gt;" desc="()V" line="3">
        <counter type="INSTRUCTION" missed="0" covered="3"/>
        <counter type="LINE" missed="0" covered="1"/>
        <counter type="COMPLEXITY" missed="0" covered="1"/>
        <counter type="METHOD" missed="0" covered="1"/>
      </method>
      <counter type="INSTRUCTION" missed="0" covered="45"/>
      <counter type="BRANCH" missed="1" covered="9"/>
      <counter type="LINE" missed="2" covered="48"/>
      <counter type="COMPLEXITY" missed="1" covered="9"/>
      <counter type="METHOD" missed="0" covered="9"/>
      <counter type="CLASS" missed="0" covered="1"/>
    </class>
    <sourcefile name="Bar.java">
      <line nr="3" mi="0" ci="1" mb="0" cb="0"/>
      <counter type="INSTRUCTION" missed="0" covered="45"/>
      <counter type="BRANCH" missed="1" covered="9"/>
      <counter type="LINE" missed="2" covered="48"/>
      <counter type="COMPLEXITY" missed="1" covered="9"/>
      <counter type="METHOD" missed="0" covered="9"/>
      <counter type="CLASS" missed="0" covered="1"/>
    </sourcefile>
    <counter type="INSTRUCTION" missed="0" covered="45"/>
    <counter type="BRANCH" missed="1" covered="9"/>
    <counter type="LINE" missed="2" covered="48"/>
    <counter type="COMPLEXITY" missed="1" covered="9"/>
    <counter type="METHOD" missed="0" covered="9"/>
    <counter type="CLASS" missed="0" covered="1"/>
  </package>
  <package name="com/example/bar">
    <class name="com/example/bar/Baz" sourcefilename="Baz.java">
      <counter type="INSTRUCTION" missed="20" covered="35"/>
      <counter type="BRANCH" missed="3" covered="7"/>
      <counter type="LINE" missed="8" covered="42"/>
      <counter type="COMPLEXITY" missed="1" covered="9"/>
      <counter type="METHOD" missed="1" covered="9"/>
      <counter type="CLASS" missed="0" covered="3"/>
    </class>
    <counter type="INSTRUCTION" missed="20" covered="35"/>
    <counter type="BRANCH" missed="3" covered="7"/>
    <counter type="LINE" missed="8" covered="42"/>
    <counter type="COMPLEXITY" missed="1" covered="9"/>
    <counter type="METHOD" missed="1" covered="9"/>
    <counter type="CLASS" missed="0" covered="3"/>
  </package>
  <counter type="INSTRUCTION" missed="20" covered="80"/>
  <counter type="BRANCH" missed="4" covered="16"/>
  <counter type="LINE" missed="10" covered="90"/>
  <counter type="COMPLEXITY" missed="2" covered="18"/>
  <counter type="METHOD" missed="1" covered="18"/>
  <counter type="CLASS" missed="0" covered="4"/>
</report>
